[INFO] Scanning for projects...
[INFO] 
[INFO] -----------------------< ge.devspace:simple-map >-----------------------
[INFO] Building Simple Map Application 1.0.0
[INFO]   from pom.xml
[INFO] --------------------------------[ jar ]---------------------------------
[INFO] 
[INFO] >>> spring-boot:3.2.5:run (default-cli) > test-compile @ simple-map >>>
[INFO] 
[INFO] --- resources:3.3.1:resources (default-resources) @ simple-map ---
[INFO] Copying 3 resources from src/main/resources to target/classes
[INFO] Copying 4 resources from src/main/resources to target/classes
[INFO] 
[INFO] --- compiler:3.11.0:compile (default-compile) @ simple-map ---
[INFO] Nothing to compile - all classes are up to date
[INFO] 
[INFO] --- resources:3.3.1:testResources (default-testResources) @ simple-map ---
[INFO] skip non existing resourceDirectory /Users/archilodishelidze/Desktop/dev/map/src/test/resources
[INFO] 
[INFO] --- compiler:3.11.0:testCompile (default-testCompile) @ simple-map ---
[INFO] No sources to compile
[INFO] 
[INFO] <<< spring-boot:3.2.5:run (default-cli) < test-compile @ simple-map <<<
[INFO] 
[INFO] 
[INFO] --- spring-boot:3.2.5:run (default-cli) @ simple-map ---
[INFO] Attaching agents: []

  .   ____          _            __ _ _
 /\\ / ___'_ __ _ _(_)_ __  __ _ \ \ \ \
( ( )\___ | '_ | '_| | '_ \/ _` | \ \ \ \
 \\/  ___)| |_)| | | | | || (_| |  ) ) ) )
  '  |____| .__|_| |_|_| |_\__, | / / / /
 =========|_|==============|___/=/_/_/_/
[32m :: Spring Boot :: [39m              [2m (v3.2.5)[0;39m

[2m2025-07-05T19:58:40.028+04:00[0;39m [32m INFO[0;39m [35m98597[0;39m [2m---[0;39m [2m[simple-map] [           main][0;39m [2m[0;39m[36mg.d.simplemap.SimpleMapApplication      [0;39m [2m:[0;39m Starting SimpleMapApplication using Java 23.0.2 with PID 98597 (/Users/archilodishelidze/Desktop/dev/map/target/classes started by archilodishelidze in /Users/archilodishelidze/Desktop/dev/map)
[2m2025-07-05T19:58:40.029+04:00[0;39m [32m INFO[0;39m [35m98597[0;39m [2m---[0;39m [2m[simple-map] [           main][0;39m [2m[0;39m[36mg.d.simplemap.SimpleMapApplication      [0;39m [2m:[0;39m No active profile set, falling back to 1 default profile: "default"
[2m2025-07-05T19:58:40.341+04:00[0;39m [32m INFO[0;39m [35m98597[0;39m [2m---[0;39m [2m[simple-map] [           main][0;39m [2m[0;39m[36m.s.d.r.c.RepositoryConfigurationDelegate[0;39m [2m:[0;39m Bootstrapping Spring Data JPA repositories in DEFAULT mode.
[2m2025-07-05T19:58:40.380+04:00[0;39m [32m INFO[0;39m [35m98597[0;39m [2m---[0;39m [2m[simple-map] [           main][0;39m [2m[0;39m[36m.s.d.r.c.RepositoryConfigurationDelegate[0;39m [2m:[0;39m Finished Spring Data repository scanning in 31 ms. Found 2 JPA repository interfaces.
[2m2025-07-05T19:58:40.597+04:00[0;39m [32m INFO[0;39m [35m98597[0;39m [2m---[0;39m [2m[simple-map] [           main][0;39m [2m[0;39m[36mo.s.b.w.embedded.tomcat.TomcatWebServer [0;39m [2m:[0;39m Tomcat initialized with port 8082 (http)
[2m2025-07-05T19:58:40.608+04:00[0;39m [32m INFO[0;39m [35m98597[0;39m [2m---[0;39m [2m[simple-map] [           main][0;39m [2m[0;39m[36mo.apache.catalina.core.StandardService  [0;39m [2m:[0;39m Starting service [Tomcat]
[2m2025-07-05T19:58:40.608+04:00[0;39m [32m INFO[0;39m [35m98597[0;39m [2m---[0;39m [2m[simple-map] [           main][0;39m [2m[0;39m[36mo.apache.catalina.core.StandardEngine   [0;39m [2m:[0;39m Starting Servlet engine: [Apache Tomcat/10.1.20]
[2m2025-07-05T19:58:40.631+04:00[0;39m [32m INFO[0;39m [35m98597[0;39m [2m---[0;39m [2m[simple-map] [           main][0;39m [2m[0;39m[36mo.a.c.c.C.[Tomcat].[localhost].[/]      [0;39m [2m:[0;39m Initializing Spring embedded WebApplicationContext
[2m2025-07-05T19:58:40.631+04:00[0;39m [32m INFO[0;39m [35m98597[0;39m [2m---[0;39m [2m[simple-map] [           main][0;39m [2m[0;39m[36mw.s.c.ServletWebServerApplicationContext[0;39m [2m:[0;39m Root WebApplicationContext: initialization completed in 577 ms
[2m2025-07-05T19:58:40.646+04:00[0;39m [32m INFO[0;39m [35m98597[0;39m [2m---[0;39m [2m[simple-map] [           main][0;39m [2m[0;39m[36mcom.zaxxer.hikari.HikariDataSource      [0;39m [2m:[0;39m HikariPool-1 - Starting...
[2m2025-07-05T19:58:40.713+04:00[0;39m [32m INFO[0;39m [35m98597[0;39m [2m---[0;39m [2m[simple-map] [           main][0;39m [2m[0;39m[36mcom.zaxxer.hikari.pool.HikariPool       [0;39m [2m:[0;39m HikariPool-1 - Added connection conn0: url=jdbc:h2:mem:testdb user=SA
[2m2025-07-05T19:58:40.714+04:00[0;39m [32m INFO[0;39m [35m98597[0;39m [2m---[0;39m [2m[simple-map] [           main][0;39m [2m[0;39m[36mcom.zaxxer.hikari.HikariDataSource      [0;39m [2m:[0;39m HikariPool-1 - Start completed.
[2m2025-07-05T19:58:40.719+04:00[0;39m [32m INFO[0;39m [35m98597[0;39m [2m---[0;39m [2m[simple-map] [           main][0;39m [2m[0;39m[36mo.s.b.a.h2.H2ConsoleAutoConfiguration   [0;39m [2m:[0;39m H2 console available at '/h2-console'. Database available at 'jdbc:h2:mem:testdb'
[2m2025-07-05T19:58:40.770+04:00[0;39m [32m INFO[0;39m [35m98597[0;39m [2m---[0;39m [2m[simple-map] [           main][0;39m [2m[0;39m[36mo.hibernate.jpa.internal.util.LogHelper [0;39m [2m:[0;39m HHH000204: Processing PersistenceUnitInfo [name: default]
[2m2025-07-05T19:58:40.795+04:00[0;39m [32m INFO[0;39m [35m98597[0;39m [2m---[0;39m [2m[simple-map] [           main][0;39m [2m[0;39m[36morg.hibernate.Version                   [0;39m [2m:[0;39m HHH000412: Hibernate ORM core version 6.4.4.Final
[2m2025-07-05T19:58:40.808+04:00[0;39m [32m INFO[0;39m [35m98597[0;39m [2m---[0;39m [2m[simple-map] [           main][0;39m [2m[0;39m[36mo.h.c.internal.RegionFactoryInitiator   [0;39m [2m:[0;39m HHH000026: Second-level cache disabled
[2m2025-07-05T19:58:40.899+04:00[0;39m [32m INFO[0;39m [35m98597[0;39m [2m---[0;39m [2m[simple-map] [           main][0;39m [2m[0;39m[36mo.s.o.j.p.SpringPersistenceUnitInfo     [0;39m [2m:[0;39m No LoadTimeWeaver setup: ignoring JPA class transformer
[2m2025-07-05T19:58:40.916+04:00[0;39m [33m WARN[0;39m [35m98597[0;39m [2m---[0;39m [2m[simple-map] [           main][0;39m [2m[0;39m[36morg.hibernate.orm.deprecation           [0;39m [2m:[0;39m HHH90000025: H2Dialect does not need to be specified explicitly using 'hibernate.dialect' (remove the property setting and it will be selected by default)
[2m2025-07-05T19:58:41.238+04:00[0;39m [32m INFO[0;39m [35m98597[0;39m [2m---[0;39m [2m[simple-map] [           main][0;39m [2m[0;39m[36mo.h.e.t.j.p.i.JtaPlatformInitiator      [0;39m [2m:[0;39m HHH000489: No JTA platform available (set 'hibernate.transaction.jta.platform' to enable JTA platform integration)
[2m2025-07-05T19:58:41.253+04:00[0;39m [32m INFO[0;39m [35m98597[0;39m [2m---[0;39m [2m[simple-map] [           main][0;39m [2m[0;39m[36mj.LocalContainerEntityManagerFactoryBean[0;39m [2m:[0;39m Initialized JPA EntityManagerFactory for persistence unit 'default'
[2m2025-07-05T19:58:41.367+04:00[0;39m [33m WARN[0;39m [35m98597[0;39m [2m---[0;39m [2m[simple-map] [           main][0;39m [2m[0;39m[36mJpaBaseConfiguration$JpaWebConfiguration[0;39m [2m:[0;39m spring.jpa.open-in-view is enabled by default. Therefore, database queries may be performed during view rendering. Explicitly configure spring.jpa.open-in-view to disable this warning
[2m2025-07-05T19:58:41.519+04:00[0;39m [32m INFO[0;39m [35m98597[0;39m [2m---[0;39m [2m[simple-map] [           main][0;39m [2m[0;39m[36mo.s.b.w.embedded.tomcat.TomcatWebServer [0;39m [2m:[0;39m Tomcat started on port 8082 (http) with context path ''
[2m2025-07-05T19:58:41.524+04:00[0;39m [32m INFO[0;39m [35m98597[0;39m [2m---[0;39m [2m[simple-map] [           main][0;39m [2m[0;39m[36mg.d.simplemap.SimpleMapApplication      [0;39m [2m:[0;39m Started SimpleMapApplication in 1.698 seconds (process running for 1.863)
[2m2025-07-05T19:59:04.986+04:00[0;39m [32m INFO[0;39m [35m98597[0;39m [2m---[0;39m [2m[simple-map] [nio-8082-exec-1][0;39m [2m[0;39m[36mo.a.c.c.C.[Tomcat].[localhost].[/]      [0;39m [2m:[0;39m Initializing Spring DispatcherServlet 'dispatcherServlet'
[2m2025-07-05T19:59:04.987+04:00[0;39m [32m INFO[0;39m [35m98597[0;39m [2m---[0;39m [2m[simple-map] [nio-8082-exec-1][0;39m [2m[0;39m[36mo.s.web.servlet.DispatcherServlet       [0;39m [2m:[0;39m Initializing Servlet 'dispatcherServlet'
[2m2025-07-05T19:59:04.994+04:00[0;39m [32m INFO[0;39m [35m98597[0;39m [2m---[0;39m [2m[simple-map] [nio-8082-exec-1][0;39m [2m[0;39m[36mo.s.web.servlet.DispatcherServlet       [0;39m [2m:[0;39m Completed initialization in 6 ms
Testing GeoServer connection to: http://localhost:8080/geoserver/rest/workspaces.json
Using credentials: admin/***
Response Status: 200 OK
GeoServer connection successful!
